2016-10-06 14:39:08.585  INFO 7280 --- [main] n.a.i.s.l.controller.HomeControllerTest  : Starting HomeControllerTest on Brenk with PID 7280 (started by Bram in C:\dev\spring-mvc-library)
2016-10-06 14:39:08.585 DEBUG 7280 --- [main] n.a.i.s.l.controller.HomeControllerTest  : Running with Spring Boot v1.4.0.RELEASE, Spring v4.3.2.RELEASE
2016-10-06 14:39:08.585  INFO 7280 --- [main] n.a.i.s.l.controller.HomeControllerTest  : The following profiles are active: default
2016-10-06 14:39:08.730  INFO 7280 --- [main] f.a.AutowiredAnnotationBeanPostProcessor : JSR-330 'javax.inject.Inject' annotation found and supported for autowiring
2016-10-06 14:39:08.767  INFO 7280 --- [main] n.a.i.s.l.controller.HomeControllerTest  : Started HomeControllerTest in 0.39 seconds (JVM running for 11.255)
2016-10-06 14:39:08.927  INFO 7280 --- [main] n.a.i.s.l.controller.HomeControllerTest  : ---- Setup ----
2016-10-06 14:39:08.965  INFO 7280 --- [main] ilder$StaticRequestMappingHandlerMapping : Mapped "{[/]}" onto java.lang.String nl.avans.ivh5.springmvc.library.controller.HomeController.index(org.springframework.ui.Model)
2016-10-06 14:39:09.046  INFO 7280 --- [main] o.s.mock.web.MockServletContext          : Initializing Spring FrameworkServlet ''
2016-10-06 14:39:09.046  INFO 7280 --- [main] o.s.t.web.servlet.TestDispatcherServlet  : FrameworkServlet '': initialization started
2016-10-06 14:39:09.049  INFO 7280 --- [main] o.s.t.web.servlet.TestDispatcherServlet  : FrameworkServlet '': initialization completed in 1 ms
2016-10-06 14:39:09.049  INFO 7280 --- [main] n.a.i.s.l.controller.HomeControllerTest  : ---- verifiesHomePageLoads ----
2016-10-06 14:39:09.138 DEBUG 7280 --- [main] n.a.i.s.l.controller.HomeController      : index
2016-10-06 14:39:09.236  INFO 7280 --- [main] n.a.i.s.l.controller.HomeControllerTest  : ---- tearDown ----
2016-10-06 14:39:09.248  INFO 7280 --- [main] o.s.t.c.web.WebTestContextBootstrapper   : Loaded default TestExecutionListener class names from location [META-INF/spring.factories]: [org.springframework.boot.test.mock.mockito.MockitoTestExecutionListener, org.springframework.boot.test.mock.mockito.ResetMocksTestExecutionListener, org.springframework.boot.test.autoconfigure.AutoConfigureReportTestExecutionListener, org.springframework.boot.test.autoconfigure.restdocs.RestDocsTestExecutionListener, org.springframework.boot.test.autoconfigure.web.client.MockRestServiceServerResetTestExecutionListener, org.springframework.test.context.web.ServletTestExecutionListener, org.springframework.test.context.support.DirtiesContextBeforeModesTestExecutionListener, org.springframework.test.context.support.DependencyInjectionTestExecutionListener, org.springframework.test.context.support.DirtiesContextTestExecutionListener, org.springframework.test.context.transaction.TransactionalTestExecutionListener, org.springframework.test.context.jdbc.SqlScriptsTestExecutionListener]
2016-10-06 14:39:09.249  INFO 7280 --- [main] o.s.t.c.web.WebTestContextBootstrapper   : Using TestExecutionListeners: [org.springframework.test.context.web.ServletTestExecutionListener@5c5f0edc, org.springframework.test.context.support.DirtiesContextBeforeModesTestExecutionListener@153cfd86, org.springframework.boot.test.autoconfigure.AutoConfigureReportTestExecutionListener@7e31062c, org.springframework.test.context.support.DependencyInjectionTestExecutionListener@595fed99, org.springframework.test.context.support.DirtiesContextTestExecutionListener@7d522180, org.springframework.test.context.transaction.TransactionalTestExecutionListener@ff03361, org.springframework.test.context.jdbc.SqlScriptsTestExecutionListener@790654d5, org.springframework.boot.test.mock.mockito.ResetMocksTestExecutionListener@5f935d49, org.springframework.boot.test.autoconfigure.restdocs.RestDocsTestExecutionListener@3321291a, org.springframework.boot.test.autoconfigure.web.client.MockRestServiceServerResetTestExecutionListener@3dc46f24, org.springframework.boot.test.mock.mockito.MockitoTestExecutionListener@76af34b5]
2016-10-06 14:39:10.358  INFO 7280 --- [main] o.s.b.f.s.DefaultListableBeanFactory     : Overriding bean definition for bean 'bookService' with a different definition: replacing [Generic bean: class [nl.avans.ivh5.springmvc.library.service.BookService]; scope=singleton; abstract=false; lazyInit=false; autowireMode=0; dependencyCheck=0; autowireCandidate=true; primary=false; factoryBeanName=null; factoryMethodName=null; initMethodName=null; destroyMethodName=null; defined in file [C:\dev\spring-mvc-library\target\classes\nl\avans\ivh5\springmvc\library\service\BookService.class]] with [Root bean: class [null]; scope=; abstract=false; lazyInit=false; autowireMode=3; dependencyCheck=0; autowireCandidate=true; primary=false; factoryBeanName=testContext; factoryMethodName=bookService; initMethodName=null; destroyMethodName=(inferred); defined in nl.avans.ivh5.springmvc.config.TestContext]
2016-10-06 14:39:10.477  INFO 7280 --- [main] o.s.b.f.s.DefaultListableBeanFactory     : Overriding bean definition for bean 'memberService' with a different definition: replacing [Generic bean: class [nl.avans.ivh5.springmvc.library.service.MemberService]; scope=singleton; abstract=false; lazyInit=false; autowireMode=0; dependencyCheck=0; autowireCandidate=true; primary=false; factoryBeanName=null; factoryMethodName=null; initMethodName=null; destroyMethodName=null; defined in file [C:\dev\spring-mvc-library\target\classes\nl\avans\ivh5\springmvc\library\service\MemberService.class]] with [Root bean: class [nl.avans.ivh5.springmvc.library.service.MemberService]; scope=; abstract=false; lazyInit=false; autowireMode=0; dependencyCheck=0; autowireCandidate=true; primary=false; factoryBeanName=org.springframework.boot.test.mock.mockito.MockitoPostProcessor; factoryMethodName=createMock; initMethodName=null; destroyMethodName=null]
2016-10-06 14:39:10.485  INFO 7280 --- [main] f.a.AutowiredAnnotationBeanPostProcessor : JSR-330 'javax.inject.Inject' annotation found and supported for autowiring
2016-10-06 14:39:10.534  INFO 7280 --- [main] trationDelegate$BeanPostProcessorChecker : Bean 'org.springframework.transaction.annotation.ProxyTransactionManagementConfiguration' of type [class org.springframework.transaction.annotation.ProxyTransactionManagementConfiguration$$EnhancerBySpringCGLIB$$1e39ed99] is not eligible for getting processed by all BeanPostProcessors (for example: not eligible for auto-proxying)
2016-10-06 14:39:10.598  INFO 7280 --- [main] o.s.j.d.DriverManagerDataSource          : Loaded JDBC driver: com.mysql.jdbc.Driver
2016-10-06 14:39:10.737  INFO 7280 --- [main] o.s.s.concurrent.ThreadPoolTaskExecutor  : Initializing ExecutorService  'clientInboundChannelExecutor'
2016-10-06 14:39:10.744  INFO 7280 --- [main] o.s.s.concurrent.ThreadPoolTaskExecutor  : Initializing ExecutorService  'clientOutboundChannelExecutor'
2016-10-06 14:39:10.759  INFO 7280 --- [main] o.s.s.c.ThreadPoolTaskScheduler          : Initializing ExecutorService  'messageBrokerTaskScheduler'
2016-10-06 14:39:10.785  INFO 7280 --- [main] o.s.s.concurrent.ThreadPoolTaskExecutor  : Initializing ExecutorService  'brokerChannelExecutor'
2016-10-06 14:39:11.395  INFO 7280 --- [main] o.s.b.a.e.mvc.EndpointHandlerMapping     : Mapped "{[/env/{name:.*}],methods=[GET],produces=[application/json]}" onto public java.lang.Object org.springframework.boot.actuate.endpoint.mvc.EnvironmentMvcEndpoint.value(java.lang.String)
2016-10-06 14:39:11.397  INFO 7280 --- [main] o.s.b.a.e.mvc.EndpointHandlerMapping     : Mapped "{[/env || /env.json],methods=[GET],produces=[application/json]}" onto public java.lang.Object org.springframework.boot.actuate.endpoint.mvc.EndpointMvcAdapter.invoke()
2016-10-06 14:39:11.398  INFO 7280 --- [main] o.s.b.a.e.mvc.EndpointHandlerMapping     : Mapped "{[/dump || /dump.json],methods=[GET],produces=[application/json]}" onto public java.lang.Object org.springframework.boot.actuate.endpoint.mvc.EndpointMvcAdapter.invoke()
2016-10-06 14:39:11.399  INFO 7280 --- [main] o.s.b.a.e.mvc.EndpointHandlerMapping     : Mapped "{[/mappings || /mappings.json],methods=[GET],produces=[application/json]}" onto public java.lang.Object org.springframework.boot.actuate.endpoint.mvc.EndpointMvcAdapter.invoke()
2016-10-06 14:39:11.400  INFO 7280 --- [main] o.s.b.a.e.mvc.EndpointHandlerMapping     : Mapped "{[/beans || /beans.json],methods=[GET],produces=[application/json]}" onto public java.lang.Object org.springframework.boot.actuate.endpoint.mvc.EndpointMvcAdapter.invoke()
2016-10-06 14:39:11.403  INFO 7280 --- [main] o.s.b.a.e.mvc.EndpointHandlerMapping     : Mapped "{[/info || /info.json],methods=[GET],produces=[application/json]}" onto public java.lang.Object org.springframework.boot.actuate.endpoint.mvc.EndpointMvcAdapter.invoke()
2016-10-06 14:39:11.405  INFO 7280 --- [main] o.s.b.a.e.mvc.EndpointHandlerMapping     : Mapped "{[/logfile || /logfile.json],methods=[GET || HEAD]}" onto public void org.springframework.boot.actuate.endpoint.mvc.LogFileMvcEndpoint.invoke(javax.servlet.http.HttpServletRequest,javax.servlet.http.HttpServletResponse) throws javax.servlet.ServletException,java.io.IOException
2016-10-06 14:39:11.406  INFO 7280 --- [main] o.s.b.a.e.mvc.EndpointHandlerMapping     : Mapped "{[/heapdump || /heapdump.json],methods=[GET],produces=[application/octet-stream]}" onto public void org.springframework.boot.actuate.endpoint.mvc.HeapdumpMvcEndpoint.invoke(boolean,javax.servlet.http.HttpServletRequest,javax.servlet.http.HttpServletResponse) throws java.io.IOException,javax.servlet.ServletException
2016-10-06 14:39:11.408  INFO 7280 --- [main] o.s.b.a.e.mvc.EndpointHandlerMapping     : Mapped "{[/trace || /trace.json],methods=[GET],produces=[application/json]}" onto public java.lang.Object org.springframework.boot.actuate.endpoint.mvc.EndpointMvcAdapter.invoke()
2016-10-06 14:39:11.409  INFO 7280 --- [main] o.s.b.a.e.mvc.EndpointHandlerMapping     : Mapped "{[/metrics/{name:.*}],methods=[GET],produces=[application/json]}" onto public java.lang.Object org.springframework.boot.actuate.endpoint.mvc.MetricsMvcEndpoint.value(java.lang.String)
2016-10-06 14:39:11.410  INFO 7280 --- [main] o.s.b.a.e.mvc.EndpointHandlerMapping     : Mapped "{[/metrics || /metrics.json],methods=[GET],produces=[application/json]}" onto public java.lang.Object org.springframework.boot.actuate.endpoint.mvc.EndpointMvcAdapter.invoke()
2016-10-06 14:39:11.411  INFO 7280 --- [main] o.s.b.a.e.mvc.EndpointHandlerMapping     : Mapped "{[/health || /health.json],produces=[application/json]}" onto public java.lang.Object org.springframework.boot.actuate.endpoint.mvc.HealthMvcEndpoint.invoke(java.security.Principal)
2016-10-06 14:39:11.413  INFO 7280 --- [main] o.s.b.a.e.mvc.EndpointHandlerMapping     : Mapped "{[/autoconfig || /autoconfig.json],methods=[GET],produces=[application/json]}" onto public java.lang.Object org.springframework.boot.actuate.endpoint.mvc.EndpointMvcAdapter.invoke()
2016-10-06 14:39:11.415  INFO 7280 --- [main] o.s.b.a.e.mvc.EndpointHandlerMapping     : Mapped "{[/configprops || /configprops.json],methods=[GET],produces=[application/json]}" onto public java.lang.Object org.springframework.boot.actuate.endpoint.mvc.EndpointMvcAdapter.invoke()
2016-10-06 14:39:11.726  INFO 7280 --- [main] o.s.c.support.DefaultLifecycleProcessor  : Starting beans in phase 2147483647
2016-10-06 14:39:11.726  INFO 7280 --- [main] o.s.m.s.b.SimpleBrokerMessageHandler     : Starting...
2016-10-06 14:39:11.726  INFO 7280 --- [main] o.s.m.s.b.SimpleBrokerMessageHandler     : BrokerAvailabilityEvent[available=true, SimpleBrokerMessageHandler [DefaultSubscriptionRegistry[cache[0 destination(s)], registry[0 sessions]]]]
2016-10-06 14:39:11.727  INFO 7280 --- [main] o.s.m.s.b.SimpleBrokerMessageHandler     : Started.
2016-10-06 14:39:11.739  INFO 7280 --- [main] n.a.i.s.l.c.MemberControllerTest         : ---- setUp ----
2016-10-06 14:39:11.743  INFO 7280 --- [main] o.s.mock.web.MockServletContext          : Initializing Spring FrameworkServlet ''
2016-10-06 14:39:11.744  INFO 7280 --- [main] o.s.t.web.servlet.TestDispatcherServlet  : FrameworkServlet '': initialization started
2016-10-06 14:39:11.762  INFO 7280 --- [main] o.s.t.web.servlet.TestDispatcherServlet  : FrameworkServlet '': initialization completed in 18 ms
2016-10-06 14:39:12.783 DEBUG 7280 --- [main] n.a.i.s.l.controller.MemberController    : showCreateMemberForm
2016-10-06 14:39:14.034 DEBUG 7280 --- [main] n.a.i.s.l.controller.MemberController    : validateAndSaveMember - new member = Achternaam 
2016-10-06 14:39:14.034 DEBUG 7280 --- [main] n.a.i.s.l.controller.MemberController    : validateAndSaveMember - bindingResult.hasErrors
2016-10-06 14:39:14.241  INFO 7280 --- [main] n.a.i.s.l.c.MemberControllerTest         : ---- tearDown ----
2016-10-06 14:39:14.248  INFO 7280 --- [main] n.a.i.s.l.c.MemberControllerTest         : ---- setUp ----
2016-10-06 14:39:14.248  INFO 7280 --- [main] o.s.mock.web.MockServletContext          : Initializing Spring FrameworkServlet ''
2016-10-06 14:39:14.249  INFO 7280 --- [main] o.s.t.web.servlet.TestDispatcherServlet  : FrameworkServlet '': initialization started
2016-10-06 14:39:14.253  INFO 7280 --- [main] o.s.t.web.servlet.TestDispatcherServlet  : FrameworkServlet '': initialization completed in 4 ms
2016-10-06 14:39:14.258  INFO 7280 --- [main] n.a.i.s.l.controller.BookController      : listBooksAtRESTServer
2016-10-06 14:39:14.384  INFO 7280 --- [main] n.a.i.s.l.c.MemberControllerTest         : ---- tearDown ----
2016-10-06 14:39:14.398  INFO 7280 --- [main] o.s.t.c.web.WebTestContextBootstrapper   : Loaded default TestExecutionListener class names from location [META-INF/spring.factories]: [org.springframework.boot.test.mock.mockito.MockitoTestExecutionListener, org.springframework.boot.test.mock.mockito.ResetMocksTestExecutionListener, org.springframework.boot.test.autoconfigure.AutoConfigureReportTestExecutionListener, org.springframework.boot.test.autoconfigure.restdocs.RestDocsTestExecutionListener, org.springframework.boot.test.autoconfigure.web.client.MockRestServiceServerResetTestExecutionListener, org.springframework.test.context.web.ServletTestExecutionListener, org.springframework.test.context.support.DirtiesContextBeforeModesTestExecutionListener, org.springframework.test.context.support.DependencyInjectionTestExecutionListener, org.springframework.test.context.support.DirtiesContextTestExecutionListener, org.springframework.test.context.transaction.TransactionalTestExecutionListener, org.springframework.test.context.jdbc.SqlScriptsTestExecutionListener]
2016-10-06 14:39:14.398  INFO 7280 --- [main] o.s.t.c.web.WebTestContextBootstrapper   : Using TestExecutionListeners: [org.springframework.test.context.web.ServletTestExecutionListener@6fe91918, org.springframework.test.context.support.DirtiesContextBeforeModesTestExecutionListener@4d3bde85, org.springframework.boot.test.autoconfigure.AutoConfigureReportTestExecutionListener@f5b4ca6, org.springframework.test.context.support.DependencyInjectionTestExecutionListener@260ccf0, org.springframework.test.context.support.DirtiesContextTestExecutionListener@2566247d, org.springframework.test.context.transaction.TransactionalTestExecutionListener@363a09a2, org.springframework.test.context.jdbc.SqlScriptsTestExecutionListener@63d14dbf, org.springframework.boot.test.mock.mockito.ResetMocksTestExecutionListener@67521a79, org.springframework.boot.test.autoconfigure.restdocs.RestDocsTestExecutionListener@73839f22, org.springframework.boot.test.autoconfigure.web.client.MockRestServiceServerResetTestExecutionListener@1512efe9, org.springframework.boot.test.mock.mockito.MockitoTestExecutionListener@7cc7e441]
2016-10-06 14:39:14.407  INFO 7280 --- [main] o.s.t.c.web.WebTestContextBootstrapper   : Loaded default TestExecutionListener class names from location [META-INF/spring.factories]: [org.springframework.boot.test.mock.mockito.MockitoTestExecutionListener, org.springframework.boot.test.mock.mockito.ResetMocksTestExecutionListener, org.springframework.boot.test.autoconfigure.AutoConfigureReportTestExecutionListener, org.springframework.boot.test.autoconfigure.restdocs.RestDocsTestExecutionListener, org.springframework.boot.test.autoconfigure.web.client.MockRestServiceServerResetTestExecutionListener, org.springframework.test.context.web.ServletTestExecutionListener, org.springframework.test.context.support.DirtiesContextBeforeModesTestExecutionListener, org.springframework.test.context.support.DependencyInjectionTestExecutionListener, org.springframework.test.context.support.DirtiesContextTestExecutionListener, org.springframework.test.context.transaction.TransactionalTestExecutionListener, org.springframework.test.context.jdbc.SqlScriptsTestExecutionListener]
2016-10-06 14:39:14.412  INFO 7280 --- [main] o.s.t.c.web.WebTestContextBootstrapper   : Using TestExecutionListeners: [org.springframework.test.context.web.ServletTestExecutionListener@308d4981, org.springframework.test.context.support.DirtiesContextBeforeModesTestExecutionListener@55731ccd, org.springframework.boot.test.autoconfigure.AutoConfigureReportTestExecutionListener@750adad8, org.springframework.test.context.support.DependencyInjectionTestExecutionListener@41935a9d, org.springframework.test.context.support.DirtiesContextTestExecutionListener@1b08d26f, org.springframework.test.context.transaction.TransactionalTestExecutionListener@565030b7, org.springframework.test.context.jdbc.SqlScriptsTestExecutionListener@752fecbf, org.springframework.boot.test.mock.mockito.ResetMocksTestExecutionListener@2eb31735, org.springframework.boot.test.autoconfigure.restdocs.RestDocsTestExecutionListener@73753326, org.springframework.boot.test.autoconfigure.web.client.MockRestServiceServerResetTestExecutionListener@24f77077, org.springframework.boot.test.mock.mockito.MockitoTestExecutionListener@2eb73a42]
2016-10-06 14:39:14.418  INFO 7280 --- [main] o.s.t.c.s.DefaultTestContextBootstrapper : Neither @ContextConfiguration nor @ContextHierarchy found for test class [nl.avans.ivh5.springmvc.library.selenium.HomeControllerTest], using DelegatingSmartContextLoader
2016-10-06 14:39:14.419  INFO 7280 --- [main] o.s.t.c.support.AbstractContextLoader    : Could not detect default resource locations for test class [nl.avans.ivh5.springmvc.library.selenium.HomeControllerTest]: no resource found for suffixes {-context.xml, Context.groovy}.
2016-10-06 14:39:14.420  INFO 7280 --- [main] t.c.s.AnnotationConfigContextLoaderUtils : Could not detect default configuration classes for test class [nl.avans.ivh5.springmvc.library.selenium.HomeControllerTest]: HomeControllerTest does not declare any static, non-private, non-final, nested classes annotated with @Configuration.
2016-10-06 14:39:14.429  INFO 7280 --- [main] o.s.t.c.s.DefaultTestContextBootstrapper : Loaded default TestExecutionListener class names from location [META-INF/spring.factories]: [org.springframework.boot.test.mock.mockito.MockitoTestExecutionListener, org.springframework.boot.test.mock.mockito.ResetMocksTestExecutionListener, org.springframework.boot.test.autoconfigure.AutoConfigureReportTestExecutionListener, org.springframework.boot.test.autoconfigure.restdocs.RestDocsTestExecutionListener, org.springframework.boot.test.autoconfigure.web.client.MockRestServiceServerResetTestExecutionListener, org.springframework.test.context.web.ServletTestExecutionListener, org.springframework.test.context.support.DirtiesContextBeforeModesTestExecutionListener, org.springframework.test.context.support.DependencyInjectionTestExecutionListener, org.springframework.test.context.support.DirtiesContextTestExecutionListener, org.springframework.test.context.transaction.TransactionalTestExecutionListener, org.springframework.test.context.jdbc.SqlScriptsTestExecutionListener]
2016-10-06 14:39:14.430  INFO 7280 --- [main] o.s.t.c.s.DefaultTestContextBootstrapper : Using TestExecutionListeners: [nl.avans.ivh5.springmvc.library.selenium.SeleniumTestExecutionListener@75d9b73c, org.springframework.test.context.web.ServletTestExecutionListener@5f1a3c4, org.springframework.test.context.support.DirtiesContextBeforeModesTestExecutionListener@5a08d301, org.springframework.boot.test.autoconfigure.AutoConfigureReportTestExecutionListener@63e40188, org.springframework.test.context.support.DependencyInjectionTestExecutionListener@5b3c2a9f, org.springframework.test.context.support.DirtiesContextTestExecutionListener@535b4dbf, org.springframework.test.context.transaction.TransactionalTestExecutionListener@4f571c0e, org.springframework.test.context.jdbc.SqlScriptsTestExecutionListener@c7cbc2d, org.springframework.boot.test.mock.mockito.ResetMocksTestExecutionListener@36ae17ef, org.springframework.boot.test.autoconfigure.restdocs.RestDocsTestExecutionListener@3f919230, org.springframework.boot.test.autoconfigure.web.client.MockRestServiceServerResetTestExecutionListener@48d14ea0, org.springframework.boot.test.mock.mockito.MockitoTestExecutionListener@21251e43]
2016-10-06 14:39:14.494  INFO 7280 --- [main] n.a.i.s.springmvc.book.BookServiceTest   : ---- setupMock ----
2016-10-06 14:39:14.495  INFO 7280 --- [main] n.a.i.s.springmvc.book.BookServiceTest   : ---- testFindByNonExistingEAN ----
2016-10-06 14:39:14.495  INFO 7280 --- [main] n.a.i.s.library.service.BookService      : findByEAN ean = 0
2016-10-06 14:39:14.512 ERROR 7280 --- [main] n.a.i.s.library.service.BookService      : findByEAN books = null!
2016-10-06 14:39:14.512  INFO 7280 --- [main] n.a.i.s.springmvc.book.BookServiceTest   : ---- tearDown ----
2016-10-06 14:39:14.513  INFO 7280 --- [main] n.a.i.s.springmvc.book.BookServiceTest   : ---- setupMock ----
2016-10-06 14:39:14.514  INFO 7280 --- [main] n.a.i.s.springmvc.book.BookServiceTest   : ---- testFindByEAN ----
2016-10-06 14:39:14.515  INFO 7280 --- [main] n.a.i.s.library.service.BookService      : findByEAN ean = 1111
2016-10-06 14:39:14.515  INFO 7280 --- [main] n.a.i.s.library.service.BookService      : findByEAN ean found 1111
2016-10-06 14:39:14.515  INFO 7280 --- [main] n.a.i.s.springmvc.book.BookServiceTest   : ---- tearDown ----
2016-10-06 14:39:14.531  INFO 7280 --- [Thread-1] o.s.c.support.DefaultLifecycleProcessor  : Stopping beans in phase 2147483647
2016-10-06 14:39:14.535  INFO 7280 --- [Thread-4] o.s.c.support.DefaultLifecycleProcessor  : Stopping beans in phase 2147483647
2016-10-06 14:39:14.536  INFO 7280 --- [Thread-4] o.s.m.s.b.SimpleBrokerMessageHandler     : Stopping...
2016-10-06 14:39:14.536  INFO 7280 --- [Thread-1] o.s.m.s.b.SimpleBrokerMessageHandler     : Stopping...
2016-10-06 14:39:14.537  INFO 7280 --- [Thread-4] o.s.m.s.b.SimpleBrokerMessageHandler     : BrokerAvailabilityEvent[available=false, SimpleBrokerMessageHandler [DefaultSubscriptionRegistry[cache[0 destination(s)], registry[0 sessions]]]]
2016-10-06 14:39:14.537  INFO 7280 --- [Thread-1] o.s.m.s.b.SimpleBrokerMessageHandler     : BrokerAvailabilityEvent[available=false, SimpleBrokerMessageHandler [DefaultSubscriptionRegistry[cache[0 destination(s)], registry[0 sessions]]]]
2016-10-06 14:39:14.537  INFO 7280 --- [Thread-1] o.s.m.s.b.SimpleBrokerMessageHandler     : Stopped.
2016-10-06 14:39:14.537  INFO 7280 --- [Thread-4] o.s.m.s.b.SimpleBrokerMessageHandler     : Stopped.
2016-10-06 14:39:14.540  INFO 7280 --- [Thread-4] o.s.s.concurrent.ThreadPoolTaskExecutor  : Shutting down ExecutorService 'brokerChannelExecutor'
2016-10-06 14:39:14.540  INFO 7280 --- [Thread-4] o.s.s.c.ThreadPoolTaskScheduler          : Shutting down ExecutorService 'messageBrokerTaskScheduler'
2016-10-06 14:39:14.540  INFO 7280 --- [Thread-4] o.s.s.concurrent.ThreadPoolTaskExecutor  : Shutting down ExecutorService 'clientOutboundChannelExecutor'
2016-10-06 14:39:14.541  INFO 7280 --- [Thread-4] o.s.s.concurrent.ThreadPoolTaskExecutor  : Shutting down ExecutorService 'clientInboundChannelExecutor'
2016-10-06 14:39:14.541  INFO 7280 --- [Thread-1] o.s.s.concurrent.ThreadPoolTaskExecutor  : Shutting down ExecutorService 'brokerChannelExecutor'
2016-10-06 14:39:14.541  INFO 7280 --- [Thread-1] o.s.s.c.ThreadPoolTaskScheduler          : Shutting down ExecutorService 'messageBrokerTaskScheduler'
2016-10-06 14:39:14.541  INFO 7280 --- [Thread-1] o.s.s.concurrent.ThreadPoolTaskExecutor  : Shutting down ExecutorService 'clientOutboundChannelExecutor'
2016-10-06 14:39:14.541  INFO 7280 --- [Thread-1] o.s.s.concurrent.ThreadPoolTaskExecutor  : Shutting down ExecutorService 'clientInboundChannelExecutor'
